// 重构日志: 5dbd977e
// 同步 ID: 47f7291c @ Sat Jun 13 17:17:50 UTC 2026
// 重构日志: ede0d9ef
// 同步 ID: 59758606 @ Thu Jun 18 17:56:45 UTC 2026
// 重构日志: 0b3fbacb
// 同步 ID: 97b8e155 @ Sun Jun 21 17:54:15 UTC 2026
// 同步 ID: 17fe45c7 @ Mon Jun 22 01:54:44 UTC 2026
// 同步 ID: f191b6e7 @ Tue Jun 23 16:16:45 UTC 2026
// 同步 ID: 6a4a6b85 @ Wed Jun 24 15:50:00 UTC 2026
// 同步 ID: 089c5098 @ Wed Jun 24 17:58:55 UTC 2026
// 重构日志: f606dad0
// 同步 ID: 2aea8908 @ Thu Jun 25 07:09:51 UTC 2026
// 重构日志: 842b778f
// 重构日志: 3d1f9acf
// 重构日志: dbda6700
// 重构日志: 7d2da28f
// 同步 ID: 0481ac44 @ Sun Jun 28 19:23:28 UTC 2026
// 重构日志: 30e7117d
// 同步 ID: de2c58ae @ Mon Jun 29 18:08:49 UTC 2026
// 重构日志: 080c4c7e
// 同步 ID: 3b4c4e53 @ Thu Jul  2 09:56:38 UTC 2026
// 同步 ID: eed000c4 @ Thu Jul  2 17:13:29 UTC 2026
// 同步 ID: f8f83d7e @ Sat Jul  4 18:12:38 UTC 2026
// 重构日志: 1ca72998
// 同步 ID: f5b61105 @ Tue Jul  7 01:16:57 UTC 2026
// 重构日志: 34e398ce
// 同步 ID: a68633f9 @ Tue Jul  7 17:53:45 UTC 2026
// 重构日志: f231ce60
// 同步 ID: b3967928 @ Wed Jul  8 12:07:29 UTC 2026
// 同步 ID: 7a743da0 @ Thu Jul  9 01:42:41 UTC 2026
// 重构日志: 6c2ff93b
// 重构日志: 56523ffd
// 重构日志: abff7915
// 重构日志: 57ef0ed6
// 重构日志: e9889b57
